PASS: 'a' => 97
PASS: '\n' => 10
PASS: '\t' => 9
PASS: '\'' => 39
PASS: '\\' => 92
PASS: '\0' => 0
PASS: '\x41' => 65
PASS: '\101' => 65
PASS: '\u0041' => 65
PASS: '\u03A9' => 937
PASS: '\U0001F600' => 128512
PASS: L'a' => 39
PASS: u'a' => 39
PASS: U'a' => 39
PASS: u8'a' => 56
PASS: U'\U0001F600' => 39
FAIL: '' => undefined
FAIL: 'ab' => 97
FAIL: 'ðŸ‘‹ðŸ½' => 128075
FAIL: ''' => 39
FAIL: '\x1234' => 4660
PASS: '\x' => TypeError: Cannot read properties of null (reading '0')
PASS: '\u123' => TypeError: Cannot read properties of null (reading '0')
PASS: '\U110000' => TypeError: Cannot read properties of null (reading '0')
FAIL: '\uD83D' => 55357
FAIL: '\uDE00' => 56832
