[
  { kind:  "whitespace", startLine:    1, endLine:    2, path: "test.cpp", text: "\n" },
  { kind:     "comment", startLine:    2, endLine:    2, path: "test.cpp", text: "// #include \"math.h\"" },
  { kind:  "whitespace", startLine:    2, endLine:    4, path: "test.cpp", text: "\n\n" },
  { kind:      "number", startLine:    4, endLine:    4, path: "test.cpp", text: "int" },
  { kind:  "whitespace", startLine:    4, endLine:    4, path: "test.cpp", text: " " },
  { kind:      "number", startLine:    4, endLine:    4, path: "test.cpp", text: "main" },
  { kind: "punctuation", startLine:    4, endLine:    4, path: "test.cpp", text: "(" },
  { kind: "punctuation", startLine:    4, endLine:    4, path: "test.cpp", text: ")" },
  { kind:  "whitespace", startLine:    4, endLine:    4, path: "test.cpp", text: " " },
  { kind: "punctuation", startLine:    4, endLine:    4, path: "test.cpp", text: "{" },
  { kind:  "whitespace", startLine:    4, endLine:    5, path: "test.cpp", text: "\n    " },
  { kind:      "number", startLine:    5, endLine:    5, path: "test.cpp", text: "double" },
  { kind:  "whitespace", startLine:    5, endLine:    5, path: "test.cpp", text: " " },
  { kind:      "number", startLine:    5, endLine:    5, path: "test.cpp", text: "a" },
  { kind: "punctuation", startLine:    5, endLine:    5, path: "test.cpp", text: "," },
  { kind:  "whitespace", startLine:    5, endLine:    5, path: "test.cpp", text: " " },
  { kind:      "number", startLine:    5, endLine:    5, path: "test.cpp", text: "b" },
  { kind: "punctuation", startLine:    5, endLine:    5, path: "test.cpp", text: "," },
  { kind:  "whitespace", startLine:    5, endLine:    5, path: "test.cpp", text: " " },
  { kind:      "number", startLine:    5, endLine:    5, path: "test.cpp", text: "c" },
  { kind: "punctuation", startLine:    5, endLine:    5, path: "test.cpp", text: "," },
  { kind:  "whitespace", startLine:    5, endLine:    5, path: "test.cpp", text: " " },
  { kind:      "number", startLine:    5, endLine:    5, path: "test.cpp", text: "discriminant" },
  { kind: "punctuation", startLine:    5, endLine:    5, path: "test.cpp", text: "," },
  { kind:  "whitespace", startLine:    5, endLine:    5, path: "test.cpp", text: " " },
  { kind:      "number", startLine:    5, endLine:    5, path: "test.cpp", text: "root1" },
  { kind: "punctuation", startLine:    5, endLine:    5, path: "test.cpp", text: "," },
  { kind:  "whitespace", startLine:    5, endLine:    5, path: "test.cpp", text: " " },
  { kind:      "number", startLine:    5, endLine:    5, path: "test.cpp", text: "root2" },
  { kind: "punctuation", startLine:    5, endLine:    5, path: "test.cpp", text: "," },
  { kind:  "whitespace", startLine:    5, endLine:    5, path: "test.cpp", text: " " },
  { kind:      "number", startLine:    5, endLine:    5, path: "test.cpp", text: "realPart" },
  { kind: "punctuation", startLine:    5, endLine:    5, path: "test.cpp", text: "," },
  { kind:  "whitespace", startLine:    5, endLine:    5, path: "test.cpp", text: " " },
  { kind:      "number", startLine:    5, endLine:    5, path: "test.cpp", text: "imagPart" },
  { kind: "punctuation", startLine:    5, endLine:    5, path: "test.cpp", text: ";" },
  { kind:  "whitespace", startLine:    5, endLine:    6, path: "test.cpp", text: "\n    " },
  { kind:      "number", startLine:    6, endLine:    6, path: "test.cpp", text: "printf" },
  { kind: "punctuation", startLine:    6, endLine:    6, path: "test.cpp", text: "(" },
  { kind:      "string", startLine:    6, endLine:   28, path: "test.cpp", text: "\"Enter coefficients a, b and c: \");\n    scanf(\"%lf %lf %lf\", &a, &b, &c);\n\n    discriminant = b * b - 4 * a * c;\n\n    // condition for real and different roots\n    if (discriminant > 0) {\n        root1 = (-b + sqrt(discriminant)) / (2 * a);\n        root2 = (-b - sqrt(discriminant)) / (2 * a);\n        printf(\"root1 = %.2lf and root2 = %.2lf\", root1, root2);\n    }\n\n    // condition for real and equal roots\n    else if (discriminant == 0) {\n        root1 = root2 = -b / (2 * a);\n        printf(\"root1 = root2 = %.2lf;\", root1);\n    }\n\n    // if roots are not real\n    else {\n        realPart = -b / (2 * a);\n        imagPart = sqrt(-discriminant) / (2 * a);\n        printf(\"root1 = %.2lf+%.2lfi and root2 = %.2f-%.2fi\"" },
  { kind: "punctuation", startLine:   28, endLine:   28, path: "test.cpp", text: "," },
  { kind:  "whitespace", startLine:   28, endLine:   28, path: "test.cpp", text: " " },
  { kind:      "number", startLine:   28, endLine:   28, path: "test.cpp", text: "realPart" },
  { kind: "punctuation", startLine:   28, endLine:   28, path: "test.cpp", text: "," },
  { kind:  "whitespace", startLine:   28, endLine:   28, path: "test.cpp", text: " " },
  { kind:      "number", startLine:   28, endLine:   28, path: "test.cpp", text: "imagPart" },
  { kind: "punctuation", startLine:   28, endLine:   28, path: "test.cpp", text: "," },
  { kind:  "whitespace", startLine:   28, endLine:   28, path: "test.cpp", text: " " },
  { kind:      "number", startLine:   28, endLine:   28, path: "test.cpp", text: "realPart" },
  { kind: "punctuation", startLine:   28, endLine:   28, path: "test.cpp", text: "," },
  { kind:  "whitespace", startLine:   28, endLine:   28, path: "test.cpp", text: " " },
  { kind:      "number", startLine:   28, endLine:   28, path: "test.cpp", text: "imagPart" },
  { kind: "punctuation", startLine:   28, endLine:   28, path: "test.cpp", text: ")" },
  { kind: "punctuation", startLine:   28, endLine:   28, path: "test.cpp", text: ";" },
  { kind:  "whitespace", startLine:   28, endLine:   29, path: "test.cpp", text: "\n    " },
  { kind: "punctuation", startLine:   29, endLine:   29, path: "test.cpp", text: "}" },
  { kind:  "whitespace", startLine:   29, endLine:   31, path: "test.cpp", text: "\n\n    " },
  { kind:      "number", startLine:   31, endLine:   31, path: "test.cpp", text: "return" },
  { kind:  "whitespace", startLine:   31, endLine:   31, path: "test.cpp", text: " " },
  { kind:      "number", startLine:   31, endLine:   31, path: "test.cpp", text: "0" },
  { kind: "punctuation", startLine:   31, endLine:   31, path: "test.cpp", text: ";" },
  { kind:  "whitespace", startLine:   31, endLine:   32, path: "test.cpp", text: "\n" },
  { kind: "punctuation", startLine:   32, endLine:   32, path: "test.cpp", text: "}" },
  { kind:  "whitespace", startLine:   32, endLine:   33, path: "test.cpp", text: " \n" }
]
